  player.cpp
c:\users\mako\documents\visual studio 2015\projects\sfml works\sfml works\entity.h(9): error C2011: 'entity': 'class' type redefinition
  c:\users\mako\documents\visual studio 2015\projects\sfml works\sfml works\entity.h(9): note: see declaration of 'entity'
c:\users\mako\documents\visual studio 2015\projects\sfml works\sfml works\player.cpp(6): error C2027: use of undefined type 'entity'
  c:\users\mako\documents\visual studio 2015\projects\sfml works\sfml works\entity.h(9): note: see declaration of 'entity'
c:\users\mako\documents\visual studio 2015\projects\sfml works\sfml works\player.cpp(6): error C2227: left of '->{ctor}' must point to class/struct/union/generic type
c:\users\mako\documents\visual studio 2015\projects\sfml works\sfml works\player.cpp(7): error C2065: 'rect': undeclared identifier
c:\users\mako\documents\visual studio 2015\projects\sfml works\sfml works\player.cpp(7): error C2228: left of '.setSize' must have class/struct/union
  c:\users\mako\documents\visual studio 2015\projects\sfml works\sfml works\player.cpp(7): note: type is 'unknown-type'
c:\users\mako\documents\visual studio 2015\projects\sfml works\sfml works\player.cpp(8): error C2065: 'rect': undeclared identifier
c:\users\mako\documents\visual studio 2015\projects\sfml works\sfml works\player.cpp(8): error C2228: left of '.setFillColor' must have class/struct/union
  c:\users\mako\documents\visual studio 2015\projects\sfml works\sfml works\player.cpp(8): note: type is 'unknown-type'
c:\users\mako\documents\visual studio 2015\projects\sfml works\sfml works\player.cpp(9): error C2065: 'rect': undeclared identifier
c:\users\mako\documents\visual studio 2015\projects\sfml works\sfml works\player.cpp(9): error C2228: left of '.setPosition' must have class/struct/union
  c:\users\mako\documents\visual studio 2015\projects\sfml works\sfml works\player.cpp(9): note: type is 'unknown-type'
c:\users\mako\documents\visual studio 2015\projects\sfml works\sfml works\player.cpp(14): error C2065: 'sprite': undeclared identifier
c:\users\mako\documents\visual studio 2015\projects\sfml works\sfml works\player.cpp(14): error C2228: left of '.setPosition' must have class/struct/union
  c:\users\mako\documents\visual studio 2015\projects\sfml works\sfml works\player.cpp(14): note: type is 'unknown-type'
c:\users\mako\documents\visual studio 2015\projects\sfml works\sfml works\player.cpp(14): error C2065: 'rect': undeclared identifier
c:\users\mako\documents\visual studio 2015\projects\sfml works\sfml works\player.cpp(14): error C2228: left of '.getPosition' must have class/struct/union
  c:\users\mako\documents\visual studio 2015\projects\sfml works\sfml works\player.cpp(14): note: type is 'unknown-type'
c:\users\mako\documents\visual studio 2015\projects\sfml works\sfml works\player.cpp(21): error C2065: 'sprite': undeclared identifier
c:\users\mako\documents\visual studio 2015\projects\sfml works\sfml works\player.cpp(21): error C2228: left of '.setTextureRect' must have class/struct/union
  c:\users\mako\documents\visual studio 2015\projects\sfml works\sfml works\player.cpp(21): note: type is 'unknown-type'
c:\users\mako\documents\visual studio 2015\projects\sfml works\sfml works\player.cpp(22): error C2065: 'rect': undeclared identifier
c:\users\mako\documents\visual studio 2015\projects\sfml works\sfml works\player.cpp(22): error C2228: left of '.move' must have class/struct/union
  c:\users\mako\documents\visual studio 2015\projects\sfml works\sfml works\player.cpp(22): note: type is 'unknown-type'
c:\users\mako\documents\visual studio 2015\projects\sfml works\sfml works\player.cpp(27): error C2065: 'sprite': undeclared identifier
c:\users\mako\documents\visual studio 2015\projects\sfml works\sfml works\player.cpp(27): error C2228: left of '.setTextureRect' must have class/struct/union
  c:\users\mako\documents\visual studio 2015\projects\sfml works\sfml works\player.cpp(27): note: type is 'unknown-type'
c:\users\mako\documents\visual studio 2015\projects\sfml works\sfml works\player.cpp(28): error C2065: 'rect': undeclared identifier
c:\users\mako\documents\visual studio 2015\projects\sfml works\sfml works\player.cpp(28): error C2228: left of '.move' must have class/struct/union
  c:\users\mako\documents\visual studio 2015\projects\sfml works\sfml works\player.cpp(28): note: type is 'unknown-type'
c:\users\mako\documents\visual studio 2015\projects\sfml works\sfml works\player.cpp(33): error C2065: 'sprite': undeclared identifier
c:\users\mako\documents\visual studio 2015\projects\sfml works\sfml works\player.cpp(33): error C2228: left of '.setTextureRect' must have class/struct/union
  c:\users\mako\documents\visual studio 2015\projects\sfml works\sfml works\player.cpp(33): note: type is 'unknown-type'
c:\users\mako\documents\visual studio 2015\projects\sfml works\sfml works\player.cpp(34): error C2065: 'rect': undeclared identifier
c:\users\mako\documents\visual studio 2015\projects\sfml works\sfml works\player.cpp(34): error C2228: left of '.move' must have class/struct/union
  c:\users\mako\documents\visual studio 2015\projects\sfml works\sfml works\player.cpp(34): note: type is 'unknown-type'
c:\users\mako\documents\visual studio 2015\projects\sfml works\sfml works\player.cpp(39): error C2065: 'sprite': undeclared identifier
c:\users\mako\documents\visual studio 2015\projects\sfml works\sfml works\player.cpp(39): error C2228: left of '.setTextureRect' must have class/struct/union
  c:\users\mako\documents\visual studio 2015\projects\sfml works\sfml works\player.cpp(39): note: type is 'unknown-type'
c:\users\mako\documents\visual studio 2015\projects\sfml works\sfml works\player.cpp(40): error C2065: 'rect': undeclared identifier
c:\users\mako\documents\visual studio 2015\projects\sfml works\sfml works\player.cpp(40): error C2228: left of '.move' must have class/struct/union
  c:\users\mako\documents\visual studio 2015\projects\sfml works\sfml works\player.cpp(40): note: type is 'unknown-type'
  main.cpp
c:\users\mako\documents\visual studio 2015\projects\sfml works\sfml works\entity.h(9): error C2011: 'entity': 'class' type redefinition
  c:\users\mako\documents\visual studio 2015\projects\sfml works\sfml works\entity.h(9): note: see declaration of 'entity'
c:\users\mako\documents\visual studio 2015\projects\sfml works\sfml works\main.cpp(36): error C2039: 'sprite': is not a member of 'player'
  c:\users\mako\documents\visual studio 2015\projects\sfml works\sfml works\player.h(3): note: see declaration of 'player'
c:\users\mako\documents\visual studio 2015\projects\sfml works\sfml works\main.cpp(36): error C2228: left of '.setTexture' must have class/struct/union
c:\users\mako\documents\visual studio 2015\projects\sfml works\sfml works\main.cpp(87): error C3867: 'player::updateMovement': non-standard syntax; use '&' to create a pointer to member
c:\users\mako\documents\visual studio 2015\projects\sfml works\sfml works\main.cpp(89): error C2039: 'sprite': is not a member of 'player'
  c:\users\mako\documents\visual studio 2015\projects\sfml works\sfml works\player.h(3): note: see declaration of 'player'
  Generating Code...
